Arguments: 
  /usr/local/bin/node /opt/yarn-v1.5.1/bin/yarn.js install

PATH: 
  /usr/local/sbin:/usr/local/bin:/usr/sbin:/usr/bin:/sbin:/bin

Yarn version: 
  1.5.1

Node version: 
  9.11.1

Platform: 
  linux x64

npm manifest: 
  {
      "devDependencies": {
          "@symfony/webpack-encore": "^0.28.2",
          "core-js": "^3.0.0",
          "regenerator-runtime": "^0.13.2",
          "webpack-notifier": "^1.6.0"
      },
      "license": "UNLICENSED",
      "private": true,
      "scripts": {
          "dev-server": "encore dev-server",
          "dev": "encore dev",
          "watch": "encore dev --watch",
          "build": "encore production --progress"
      }
  }

yarn manifest: 
  No manifest

Lockfile: 
  No lockfile

Trace: 
  Error: Found incompatible module
      at new MessageError (/opt/yarn-v1.5.1/lib/cli.js:186:110)
      at checkOne (/opt/yarn-v1.5.1/lib/cli.js:62444:11)
      at Object.check (/opt/yarn-v1.5.1/lib/cli.js:62463:5)
      at /opt/yarn-v1.5.1/lib/cli.js:22803:73
      at Generator.next (<anonymous>)
      at step (/opt/yarn-v1.5.1/lib/cli.js:98:30)
      at /opt/yarn-v1.5.1/lib/cli.js:109:13
      at <anonymous>
